Build started 2018/4/13 9:57:46.
     1>Project "D:\testOpencvLib\testOpencv\testOpencv\testOpencv.vcxproj" on node 2 (Build target(s)).
     1>Link:
         D:\Program Files (x86)\Microsoft Visual Studio 12.0\VC\bin\link.exe /ERRORREPORT:PROMPT /OUT:"D:\testOpencvLib\testOpencv\Debug\testOpencv.exe" /INCREMENTAL /NOLOGO /LIBPATH:D:\sw\cbuidOpencv320\install\x64\vc12\lib opencv_core320d.lib opencv_highgui320d.lib opencv_video320d.lib opencv_ml320d.lib opencv_imgproc320d.lib kernel32.lib user32.lib gdi32.lib winspool.lib comdlg32.lib advapi32.lib shell32.lib ole32.lib oleaut32.lib uuid.lib odbc32.lib odbccp32.lib /MANIFEST /MANIFESTUAC:"level='asInvoker' uiAccess='false'" /manifest:embed /DEBUG /PDB:"D:\testOpencvLib\testOpencv\Debug\testOpencv.pdb" /SUBSYSTEM:CONSOLE /TLBID:1 /DYNAMICBASE /NXCOMPAT /IMPLIB:"D:\testOpencvLib\testOpencv\Debug\testOpencv.lib" /MACHINE:X86 Debug\Source.obj
     1>opencv_highgui320d.lib(opencv_highgui320d.dll) : fatal error LNK1112: module machine type 'x64' conflicts with target machine type 'X86'
     1>Done Building Project "D:\testOpencvLib\testOpencv\testOpencv\testOpencv.vcxproj" (Build target(s)) -- FAILED.

Build FAILED.

Time Elapsed 00:00:00.24
